<?xml version="1.0" encoding="UTF-8"?>
<!-- Generated by org.testng.reporters.JUnitReportReporter -->
<testsuite hostname="LAPTOP-3785COIL" name="com.qa.tests.AccountTest" tests="14" failures="0" timestamp="14 Oct 2020 13:56:30 GMT" time="201.717" errors="0">
  <testcase name="createAccountUsingDataProvider" time="7.742" classname="com.qa.tests.AccountTest"/>
  <testcase name="searchAccount" time="0.257" classname="com.qa.tests.AccountTest"/>
  <testcase name="createAccountUsingDataProvider" time="9.267" classname="com.qa.tests.AccountTest"/>
  <testcase name="createAccountUsingDataProvider" time="6.634" classname="com.qa.tests.AccountTest"/>
  <testcase name="createAccountUsingDataProvider" time="6.548" classname="com.qa.tests.AccountTest"/>
  <testcase name="createContact" time="122.462" classname="com.qa.tests.AccountTest"/>
  <testcase name="createAccountUsingDataProvider" time="6.373" classname="com.qa.tests.AccountTest"/>
  <testcase name="createAccountUsingDataProvider" time="6.440" classname="com.qa.tests.AccountTest"/>
  <testcase name="createAccountUsingDataProvider" time="6.644" classname="com.qa.tests.AccountTest"/>
  <testcase name="validateLogin" time="1.987" classname="com.qa.tests.AccountTest"/>
  <testcase name="createAccountUsingDataProvider" time="6.325" classname="com.qa.tests.AccountTest"/>
  <testcase name="createAccountUsingDataProvider" time="7.268" classname="com.qa.tests.AccountTest"/>
  <testcase name="createAccountUsingDataProvider" time="6.258" classname="com.qa.tests.AccountTest"/>
  <testcase name="createAccountUsingDataProvider" time="7.512" classname="com.qa.tests.AccountTest"/>
</testsuite> <!-- com.qa.tests.AccountTest -->
