<?xml version="1.0" encoding="UTF-8"?>
<!-- Generated by org.testng.reporters.JUnitReportReporter -->
<testsuite hostname="LAPTOP-3785COIL" name="com.qa.tests.LoginTest" tests="2" failures="0" timestamp="14 Oct 2020 13:56:29 GMT" time="73.134" errors="0">
  <testcase name="checkForLoginPageAppeared" time="0.981" classname="com.qa.tests.LoginTest"/>
  <testcase name="loginSfdc" time="72.153" classname="com.qa.tests.LoginTest"/>
</testsuite> <!-- com.qa.tests.LoginTest -->
