<?xml version="1.0" encoding="UTF-8"?>
<!-- Generated by org.testng.reporters.JUnitReportReporter -->
<testsuite hostname="LAPTOP-3785COIL" name="com.qa.tests.HomePageTest" tests="1" failures="0" timestamp="14 Oct 2020 13:56:30 GMT" time="4.957" errors="0">
  <testcase name="searchAccount" time="4.957" classname="com.qa.tests.HomePageTest"/>
</testsuite> <!-- com.qa.tests.HomePageTest -->
