<?xml version="1.0" encoding="UTF-8"?>
<!-- Generated by org.testng.reporters.JUnitReportReporter -->
<testsuite hostname="LAPTOP-3785COIL" name="com.qa.tests.ForTest" tests="1" failures="0" timestamp="12 Oct 2020 07:45:46 GMT" time="6.274" errors="0">
  <testcase name="testxpath" time="6.274" classname="com.qa.tests.ForTest"/>
</testsuite> <!-- com.qa.tests.ForTest -->
