<?xml version="1.0" encoding="UTF-8"?>
<!-- Generated by org.testng.reporters.JUnitReportReporter -->
<testsuite hostname="LAPTOP-3785COIL" name="com.qa.tests.AccountTestPage" tests="2" failures="0" timestamp="6 Oct 2020 13:01:02 GMT" time="78.011" errors="0">
  <testcase name="createAccount" time="6.869" classname="com.qa.tests.AccountTestPage"/>
  <testcase name="loginToSfdc" time="71.142" classname="com.qa.tests.AccountTestPage"/>
</testsuite> <!-- com.qa.tests.AccountTestPage -->
